<?xml version="1.0" encoding="UTF-8"?>
<testsuite xmlns:xsi="http://www.w3.org/2001/XMLSchema-instance" xsi:noNamespaceSchemaLocation="https://maven.apache.org/surefire/maven-surefire-plugin/xsd/surefire-test-report-3.0.xsd" version="3.0" name="com.mycompany.BlueprintCBRTest" time="0.556" tests="1" errors="1" skipped="0" failures="0">
  <properties>
[...]
</properties>
  <testcase name="testCamelRoute" classname="com.mycompany.BlueprintCBRTest" time="0.419">
    <error message="The reference to entity &quot;amp:period&quot; must end with the &apos;;&apos; delimiter." type="java.lang.RuntimeException"><![CDATA[java.lang.RuntimeException: The reference to entity "amp:period" must end with the ';' delimiter.
Caused by: org.xml.sax.SAXParseException: The reference to entity "amp:period" must end with the ';' delimiter.
]]></error>
    <system-out><![CDATA[[                          main] CamelBlueprintHelper           INFO  Using Blueprint XML file: /home/slakade/eclipse-workspace/ExampleXMLtoJAVA_JAVAtoXML/target/classes/OSGI-INF/blueprint/blueprint.xml
[                      Thread-1] RawBuilder                     INFO  Copy thread finished.
[                      Thread-2] RawBuilder                     INFO  Copy thread finished.
[                          main] Activator                      INFO  Camel activator starting
[                          main] Activator                      INFO  Camel activator started
[                          main] BlueprintCBRTest               INFO  ********************************************************************************
[                          main] BlueprintCBRTest               INFO  Testing done: testCamelRoute(com.mycompany.BlueprintCBRTest)
[                          main] BlueprintCBRTest               INFO  Took: 0.357 seconds (357 millis)
[         Blueprint Extender: 1] BlueprintContainerImpl         ERROR Unable to start container for blueprint bundle BlueprintCBRTest/1.0.0
org.xml.sax.SAXParseException; systemId: jar:file:/home/slakade/eclipse-workspace/ExampleXMLtoJAVA_JAVAtoXML/target/test-bundles/blueprintcbrtest-1626675062868.jar!/OSGI-INF/blueprint/blueprint--home-slakade-eclipse-workspace-ExampleXMLtoJAVA_JAVAtoXML-target-classes-OSGI-INF-blueprint-blueprint.xml; lineNumber: 18; columnNumber: 73; The reference to entity "amp:period" must end with the ';' delimiter.
	at java.xml/com.sun.org.apache.xerces.internal.parsers.DOMParser.parse(DOMParser.java:261)
	at java.xml/com.sun.org.apache.xerces.internal.jaxp.DocumentBuilderImpl.parse(DocumentBuilderImpl.java:339)
	at org.apache.aries.blueprint.parser.Parser.parse(Parser.java:242)
	at org.apache.aries.blueprint.parser.Parser.parse(Parser.java:257)
	at org.apache.aries.blueprint.container.BlueprintContainerImpl.doRun(BlueprintContainerImpl.java:327)
	at org.apache.aries.blueprint.container.BlueprintContainerImpl.run(BlueprintContainerImpl.java:298)
	at java.base/java.util.concurrent.Executors$RunnableAdapter.call(Executors.java:515)
	at java.base/java.util.concurrent.FutureTask.run(FutureTask.java:264)
	at org.apache.aries.blueprint.container.ExecutorServiceWrapper.run(ExecutorServiceWrapper.java:106)
	at org.apache.aries.blueprint.utils.threading.impl.DiscardableRunnable.run(DiscardableRunnable.java:45)
	at java.base/java.util.concurrent.Executors$RunnableAdapter.call(Executors.java:515)
	at java.base/java.util.concurrent.FutureTask.run(FutureTask.java:264)
	at java.base/java.util.concurrent.ScheduledThreadPoolExecutor$ScheduledFutureTask.run(ScheduledThreadPoolExecutor.java:304)
	at java.base/java.util.concurrent.ThreadPoolExecutor.runWorker(ThreadPoolExecutor.java:1128)
	at java.base/java.util.concurrent.ThreadPoolExecutor$Worker.run(ThreadPoolExecutor.java:628)
	at java.base/java.lang.Thread.run(Thread.java:834)
[                          main] BlueprintCBRTest               INFO  ********************************************************************************
[                          main] CamelBlueprintHelper           INFO  Deleting work directory target/bundles/1626675062868
]]></system-out>
    <system-err><![CDATA[[Fatal Error] :18:73: The reference to entity "amp:period" must end with the ';' delimiter.
[Fatal Error] blueprint--home-slakade-eclipse-workspace-ExampleXMLtoJAVA_JAVAtoXML-target-classes-OSGI-INF-blueprint-blueprint.xml:18:73: The reference to entity "amp:period" must end with the ';' delimiter.
]]></system-err>
  </testcase>
</testsuite>